<?xml version="1.0" encoding="UTF-8"?>
<robot generator="Robot 7.4.1 (Python 3.14.2 on win32)" generated="2026-02-05T22:46:06.312424" rpa="false" schemaversion="5">
<suite id="s1" name="ROBOT API" source="C:\Users\ghab7\Desktop\ROBOT_API">
<suite id="s1-s1" name="00 Requête GET HTML Google" source="C:\Users\ghab7\Desktop\ROBOT_API\00_Requête_GET_HTML_Google.robot">
<test id="s1-s1-t1" name="Test Requête Get Simple" line="5">
<kw name="GET" owner="RequestsLibrary">
<msg time="2026-02-05T22:46:07.847729" level="INFO">GET Request : url=https://www.google.com/ 
 path_url=/ 
 headers={'User-Agent': 'python-requests/2.32.5', 'Accept-Encoding': 'gzip, deflate, zstd', 'Accept': '*/*', 'Connection': 'keep-alive'} 
 body=None 
 </msg>
<msg time="2026-02-05T22:46:07.848533" level="INFO">GET Response : url=https://www.google.com/ 
 status=200, reason=OK 
 headers={'Date': 'Thu, 05 Feb 2026 21:46:07 GMT', 'Expires': '-1', 'Cache-Control': 'private, max-age=0', 'Content-Type': 'text/html; charset=ISO-8859-1', 'Content-Security-Policy-Report-Only': "object-src 'none';base-uri 'self';script-src 'nonce-vG5nN9fh0d-lbkpE9zI9Qw' 'strict-dynamic' 'report-sample' 'unsafe-eval' 'unsafe-inline' https: http:;report-uri https://csp.withgoogle.com/csp/gws/other-hp", 'Reporting-Endpoints': 'default="//www.google.com/httpservice/retry/jserror?ei=nw-FaeuDBOjX7M8P_I_GkQM&amp;cad=crash&amp;error=Page%20Crash&amp;jsel=1"', 'Accept-CH': 'Sec-CH-Prefers-Color-Scheme', 'P3P': 'CP="This is not a P3P policy! See g.co/p3phelp for more info."', 'Content-Encoding': 'gzip', 'Server': 'gws', 'X-XSS-Protection': '0', 'X-Frame-Options': 'SAMEORIGIN', 'Set-Cookie': 'SOCS=CAAaBgiAu4_MBg; expires=Sun, 07-Mar-2027 21:46:07 GMT; path=/; domain=.google.com; Secure; SameSite=lax, AEC=AaJma5u1cbOWftQjqJaSCRRMWywctviogTqgCMlKCaX6CjMje2o80RZMFQ; expires=Tue, 04-Aug-2026 21:46:07 GMT; path=/; domain=.google.com; Secure; HttpOnly; SameSite=lax, __Secure-ENID=31.SE=kLjL078v1FjAlRz6PWlUjhmiQLJTwyzl53tA9s1DfxLhpUq1r8gS4dNlhWbmVUovepjWW2B96NUimd679yXI3xRBeqA6p4khJ0kMloGPc0IyNnrnpf3hg08s41xk78pHb37N0hzW5pX43FJ456kkFKIQeOfoguc5GRM0EL4WylClzGg14DNq4vO9wbkrr81cVxkSTFup77JlBQINzlyqabVg9hTlqlGIbWHl1Kv7CNLdnBy6MGlaULph8eLNPRZByG7YbYmv; expires=Mon, 08-Mar-2027 14:04:25 GMT; path=/; domain=.google.com; Secure; HttpOnly; SameSite=lax, __Secure-BUCKET=CPwD; expires=Tue, 04-Aug-2026 21:46:07 GMT; path=/; domain=.google.com; Secure; HttpOnly', 'Alt-Svc': 'h3=":443"; ma=2592000,h3-29=":443"; ma=2592000', 'Transfer-Encoding': 'chunked'} 
 body=&lt;!doctype html&gt;&lt;html itemscope="" itemtype="http://schema.org/WebPage" lang="fr"&gt;&lt;head&gt;&lt;meta content="text/html; charset=UTF-8" http-equiv="Content-Type"&gt;&lt;meta content="/images/branding/googleg/1x/googleg_standard_color_128dp.png" itemprop="image"&gt;&lt;title&gt;Google&lt;/title&gt;&lt;script nonce="vG5nN9fh0d-lbkpE9zI9Qw"&gt;(function(){var _g={kEI:'nw-FaeuDBOjX7M8P_I_GkQM',kEXPI:'0,1304203,2935842,78813,16105,201864,142932,186853,42157515,25228681,152386,65168,39767,61249,14068,23262,66135,76558,2752,7714,33385,26230,2117,23474,9878,36461,9921,22640,16179,2646,6292,12404,5550,14506,1382,4,1514,3355,197,5813,2,4205,5,1789,6,1416,7071,5814,2,3105,5089,19,3008,17,778,23254,2392,3,6719,4255,1034,4303,845,2047,1,1,7,14,1551,3,2842,9,27,8,2318,8,1,1,4,723,2757,4,3514,3,11676,4,2170,72,241,297,5,1113,389,4,2647,5,2698,2870,298,6256,2997,1275,7,1786,1054,2,2334,10035,2,5724,9,602,1649,4,794,2592,2135,1747,1874,1342,1,2,827,3,879,480,3,4931,60,10,204,441,158,2,1645,191,4,1928,4,1634,544,4,1568,113,921,1398,187,2105,5,259,5,197,2130,236,19,1372,49,119,4,1424,940,360,3,2000,5,882,1727,4,1307,2538,4,75,284,1488,574,5,974,4,2095,4,2,2636,1114,4,32,4,448,399,1158,344,354,4,40,4,1357,753,4,438,323,1,1024,976,2258,403,79,708,4,14,69,275,109,4,22,341,367,5,75,4,1533,407,4,1432,58,933,237,334,1,1093,264,466,4,179,49,1230,9,2275,1395,1788,13,179,329,108,715,747,4,331,4,92,283,584,509,199,673,81,10,814,422,178,828,4,281,264,564,2387,583,195,1066,2009,126,937,452,54,467,894,1748,1021,6,1686,4,452,4,156,2,21007880,5,2992,4,2960,3,8491,2,1562,3,2687,3,9181,524,13,2461,1195,3,746,6,1149,3,2862,2716,4,396,2219,3956225,2535785,1896,950,1369,2,1043,1042,1554,137,644,242,109894,2438384,1077914,26803,12677144,160626,4199184,216,915,44,5,5,111,82,508,5,353,14,703,91,77,3,613,1708,52,2,18,53,546,70,4,65,388,2,710,331,4,41,595,39,13,157,50,3,2,2,2,550,4,1025,450,1,2,465,2,495,4,184,5,3367,1,879,126,43,2,1,1,7,14,7,2015,247,241,111,49,4,1630,191,512,13,5,1,3,192,3893,112,5,207,65,60,2,99,331,27,24,158,612,406,344,160,5,142,4,82,362,1,45,3,2,2,2,307,516,279,922,1,2,189,2,792,400,10,17,744,744,3,134,383,424,485,930,365,3,276,497,102,790,305,420,2,565,13,5,1,3,371,748,1008,262,286,351,22,70,162,91,370,717',kBL:'nu41',kOPI:89978449};(function(){var a;((a=window.google)==null?0:a.stvsc)?google.kEI=_g.kEI:window.google=_g;}).call(this);})();(function(){google.sn='webhp';google.kHL='fr';google.rdn=false;})();(function(){
var g=this||self;function k(){return window.google&amp;&amp;window.google.kOPI||null};var l,m=[];function n(a){for(var b;a&amp;&amp;(!a.getAttribute||!(b=a.getAttribute("eid")));)a=a.parentNode;return b||l}function p(a){for(var b=null;a&amp;&amp;(!a.getAttribute||!(b=a.getAttribute("leid")));)a=a.parentNode;return b}function q(a){/^http:/i.test(a)&amp;&amp;window.location.protocol==="https:"&amp;&amp;(google.ml&amp;&amp;google.ml(Error("a"),!1,{src:a,glmm:1}),a="");return a}
function r(a,b,d,c,h){var e="";b.search("&amp;ei=")===-1&amp;&amp;(e="&amp;ei="+n(c),b.search("&amp;lei=")===-1&amp;&amp;(c=p(c))&amp;&amp;(e+="&amp;lei="+c));var f=b.search("&amp;cshid=")===-1&amp;&amp;a!=="slh";c="&amp;zx="+Date.now().toString();g._cshid&amp;&amp;f&amp;&amp;(c+="&amp;cshid="+g._cshid);(d=d())&amp;&amp;(c+="&amp;opi="+d);return"/"+(h||"gen_204")+"?atyp=i&amp;ct="+String(a)+"&amp;cad="+(b+e+c)};l=google.kEI;google.getEI=n;google.getLEI=p;google.ml=function(){return null};google.log=function(a,b,d,c,h,e){e=e===void 0?k:e;d||(d=r(a,b,e,c,h));if(d=q(d)){a=new Image;var f=m.length;m[f]=a;a.onerror=a.onload=a.onabort=function(){delete m[f]};a.src=d}};google.logUrl=function(a,b){b=b===void 0?k:b;return r("",a,b)};}).call(this);(function(){google.y={};google.sy={};function e(a,b,d){if(a)var c=a.id;else{do c=Math.random();while(d[c])}d[c]=[a,b]}var f;(f=google).x||(f.x=function(a,b){e(a,b,google.y)});var g;(g=google).sx||(g.sx=function(a,b){e(a,b,google.sy)});google.bx=!1;var h;(h=google).lx||(h.lx=function(){});var k=[],l;(l=google).fce||(l.fce=function(a,b,d,c){k.push([a,b,d,c])});google.qce=k;google.adl=[];}).call(this);google.f={};(function(){
document.documentElement.addEventListener("submit",function(b){var a;if(a=b.target){var c=a.getAttribute("data-submitfalse");a=c==="1"||c==="q"&amp;&amp;!a.elements.q.value?!0:!1}else a=!1;a&amp;&amp;(b.preventDefault(),b.stopPropagation())},!0);document.documentElement.addEventListener("click",function(b){var a;a:{for(a=b.target;a&amp;&amp;a!==document.documentElement;a=a.parentElement)if(a.tagName==="A"){a=a.getAttribute("data-nohref")==="1";break a}a=!1}a&amp;&amp;b.preventDefault()},!0);}).call(this);&lt;/script&gt;&lt;style&gt;#gbar,#guser{font-size:13px;padding-top:1px !important;}#gbar{height:22px}#guser{padding-bottom:7px !important;text-align:right}.gbh,.gbd{border-top:1px solid #c9d7f1;font-size:1px}.gbh{height:0;position:absolute;top:24px;width:100%}@media all{.gb1{height:22px;margin-right:.5em;vertical-align:top}#gbar{float:left}}a.gb1,a.gb4{text-decoration:underline !important}a.gb1,a.gb4{color:#00c !important}.gbi .gb4{color:#dd8e27 !important}.gbf .gb4{color:#900 !important}
&lt;/style&gt;&lt;style&gt;body,td,a,p,.h{font-family:sans-serif}body{margin:0;overflow-y:scroll}#gog{padding:3px 8px 0}td{line-height:.8em}.gac_m td{line-height:17px}form{margin-bottom:20px}.h{color:#1967d2}em{font-weight:bold;font-style:normal}.lst{height:25px;width:496px}.gsfi,.lst{font:18px sans-serif}.gsfs{font:17px sans-serif}.ds{display:inline-box;display:inline-block;margin:3px 0 4px;margin-left:4px}input{font-family:inherit}body{background:#fff;color:#1f1f1f}a{color:#681da8;text-decoration:none}a:hover,a:active{text-decoration:underline}.fl a{color:#1967d2}a:visited{color:#681da8}.sblc{padding-top:5px}.sblc a{display:block;margin:2px 0;margin-left:13px;font-size:11px}.lsbb{background:#ecedee;border:solid 1px;border-color:#d2d2d2 #70757a #70757a #d2d2d2;height:30px}.lsbb{display:block}#WqQANb a{display:inline-block;margin:0 12px}.lsb{background:url(/images/nav_logo229.png) 0 -261px repeat-x;color:#1f1f1f;border:none;cursor:pointer;height:30px;margin:0;outline:0;font:15px sans-serif;vertical-align:top}.lsb:active{background:#dadce0}.lst:focus{outline:none}&lt;/style&gt;&lt;script nonce="vG5nN9fh0d-lbkpE9zI9Qw"&gt;(function(){window.google.erd={jsr:1,bv:2373,de:true};
var g=this||self;var k,l=(k=g.mei)!=null?k:1,m,p=(m=g.diel)!=null?m:0,q,r=(q=g.sdo)!=null?q:!0,t=0,u,w=google.erd,x=w.jsr;google.ml=function(a,b,d,n,e){e=e===void 0?2:e;b&amp;&amp;(u=a&amp;&amp;a.message);d===void 0&amp;&amp;(d={});d.cad="ple_"+google.ple+".aple_"+google.aple;if(google.dl)return google.dl(a,e,d,!0),null;b=d;if(x&lt;0){window.console&amp;&amp;console.error(a,b);if(x===-2)throw a;b=!1}else b=!a||!a.message||a.message==="Error loading script"||t&gt;=l&amp;&amp;!n?!1:!0;if(!b)return null;t++;d=d||{};b=encodeURIComponent;var c="/gen_204?atyp=i&amp;ei="+b(google.kEI);google.kEXPI&amp;&amp;(c+="&amp;jexpid="+b(google.kEXPI));c+="&amp;srcpg="+b(google.sn)+"&amp;jsr="+b(w.jsr)+
"&amp;bver="+b(w.bv);w.dpf&amp;&amp;(c+="&amp;dpf="+b(w.dpf));var f=a.lineNumber;f!==void 0&amp;&amp;(c+="&amp;line="+f);var h=a.fileName;h&amp;&amp;(h.indexOf("-extension:/")&gt;0&amp;&amp;(e=3),c+="&amp;script="+b(h),f&amp;&amp;h===window.location.href&amp;&amp;(f=document.documentElement.outerHTML.split("\n")[f],c+="&amp;cad="+b(f?f.substring(0,300):"No script found.")));google.ple&amp;&amp;google.ple===1&amp;&amp;(e=2);c+="&amp;jsel="+e;for(var v in d)c+="&amp;",c+=b(v),c+="=",c+=b(d[v]);c=c+"&amp;emsg="+b(a.name+": "+a.message);c=c+"&amp;jsst="+b(a.stack||"N/A");c.length&gt;=12288&amp;&amp;(c=c.substring(0,12288));a=c;n||google.log(0,"",a);return a};window.onerror=function(a,b,d,n,e){u!==a&amp;&amp;(a=e instanceof Error?e:Error(a),d===void 0||"lineNumber"in a||(a.lineNumber=d),b===void 0||"fileName"in a||(a.fileName=b),google.ml(a,!1,void 0,!1,a.name==="SyntaxError"||a.message.substring(0,11)==="SyntaxError"||a.message.indexOf("Script error")!==-1?3:p));u=null;r&amp;&amp;t&gt;=l&amp;&amp;(window.onerror=null)};})();&lt;/script&gt;&lt;/head&gt;&lt;body bgcolor="#fff"&gt;&lt;script nonce="vG5nN9fh0d-lbkpE9zI9Qw"&gt;(function(){var src='/images/nav_logo229.png';var iesg=false;document.body.onload = function(){window.n &amp;&amp; window.n();if (document.images){new Image().src=src;}
if (!iesg){document.f&amp;&amp;document.f.q.focus();document.gbqf&amp;&amp;document.gbqf.q.focus();}
}
})();&lt;/script&gt;&lt;div id="mngb"&gt;&lt;div id=gbar&gt;&lt;nobr&gt;&lt;b class=gb1&gt;Recherche&lt;/b&gt; &lt;a class=gb1 href="https://www.google.com/imghp?hl=fr&amp;tab=wi"&gt;Images&lt;/a&gt; &lt;a class=gb1 href="https://maps.google.fr/maps?hl=fr&amp;tab=wl"&gt;Maps&lt;/a&gt; &lt;a class=gb1 href="https://play.google.com/?hl=fr&amp;tab=w8"&gt;Play&lt;/a&gt; &lt;a class=gb1 href="https://www.youtube.com/?tab=w1"&gt;YouTube&lt;/a&gt; &lt;a class=gb1 href="https://news.google.com/?tab=wn"&gt;Actualités&lt;/a&gt; &lt;a class=gb1 href="https://mail.google.com/mail/?tab=wm"&gt;Gmail&lt;/a&gt; &lt;a class=gb1 href="https://drive.google.com/?tab=wo"&gt;Drive&lt;/a&gt; &lt;a class=gb1 style="text-decoration:none" href="https://www.google.fr/intl/fr/about/products?tab=wh"&gt;&lt;u&gt;Plus&lt;/u&gt; &amp;raquo;&lt;/a&gt;&lt;/nobr&gt;&lt;/div&gt;&lt;div id=guser width=100%&gt;&lt;nobr&gt;&lt;span id=gbn class=gbi&gt;&lt;/span&gt;&lt;span id=gbf class=gbf&gt;&lt;/span&gt;&lt;span id=gbe&gt;&lt;/span&gt;&lt;a href="http://www.google.fr/history/optout?hl=fr" class=gb4&gt;Historique Web&lt;/a&gt; | &lt;a  href="/preferences?hl=fr" class=gb4&gt;Paramètres&lt;/a&gt; | &lt;a target=_top id=gb_70 href="https://accounts.google.com/ServiceLogin?hl=fr&amp;passive=true&amp;continue=https://www.google.com/&amp;ec=GAZAAQ" class=gb4&gt;Connexion&lt;/a&gt;&lt;/nobr&gt;&lt;/div&gt;&lt;div class=gbh style=left:0&gt;&lt;/div&gt;&lt;div class=gbh style=right:0&gt;&lt;/div&gt;&lt;/div&gt;&lt;center&gt;&lt;br clear="all" id="lgpd"&gt;&lt;div&gt;&lt;img alt="Google" height="92" src="/images/branding/googlelogo/1x/googlelogo_white_background_color_272x92dp.png" style="padding:28px 0 14px" width="272" id="hplogo"&gt;&lt;br&gt;&lt;br&gt;&lt;/div&gt;&lt;form action="/search" name="f"&gt;&lt;table cellpadding="0" cellspacing="0"&gt;&lt;tr valign="top"&gt;&lt;td width="25%"&gt;&amp;nbsp;&lt;/td&gt;&lt;td align="center" nowrap=""&gt;&lt;input name="ie" value="ISO-8859-1" type="hidden"&gt;&lt;input value="fr" name="hl" type="hidden"&gt;&lt;input name="source" type="hidden" value="hp"&gt;&lt;input name="biw" type="hidden"&gt;&lt;input name="bih" type="hidden"&gt;&lt;div class="ds" style="height:32px;margin:4px 0"&gt;&lt;input class="lst" style="margin:0;padding:5px 8px 0 6px;vertical-align:top;color:#1f1f1f" autocomplete="off" value="" title="Recherche Google" maxlength="2048" name="q" size="57"&gt;&lt;/div&gt;&lt;br style="line-height:0"&gt;&lt;span class="ds"&gt;&lt;span class="lsbb"&gt;&lt;input class="lsb" value="Recherche Google" name="btnG" type="submi... (set the log level to DEBUG or TRACE to see the full content) 
 </msg>
<msg time="2026-02-05T22:46:07.849954" level="INFO">${response} = &lt;Response [200]&gt;</msg>
<var>${response}</var>
<arg>https://www.google.com</arg>
<doc>Sends a GET request.</doc>
<status status="PASS" start="2026-02-05T22:46:06.634869" elapsed="1.215257"/>
</kw>
<kw name="Should Be Equal As Integers" owner="BuiltIn">
<msg time="2026-02-05T22:46:07.854749" level="INFO">Argument types are:
&lt;class 'int'&gt;
&lt;class 'str'&gt;</msg>
<arg>${response.status_code}</arg>
<arg>200</arg>
<doc>Fails if objects are unequal after converting them to integers.</doc>
<status status="PASS" start="2026-02-05T22:46:07.851012" elapsed="0.004106"/>
</kw>
<status status="PASS" start="2026-02-05T22:46:06.633093" elapsed="1.222927"/>
</test>
<status status="PASS" start="2026-02-05T22:46:06.418946" elapsed="1.439331"/>
</suite>
<suite id="s1-s2" name="01 Requete GET TestAcademy" source="C:\Users\ghab7\Desktop\ROBOT_API\01_Requete_GET_TestAcademy.robot">
<test id="s1-s2-t1" name="Test 001 Requete GET" line="11">
<kw name="Create Dictionary" owner="BuiltIn">
<msg time="2026-02-05T22:46:08.162365" level="INFO">&amp;{Params} = { page=1 | per_page=6 }</msg>
<var>&amp;{Params}</var>
<arg>page=1</arg>
<arg>per_page=6</arg>
<doc>Creates and returns a dictionary based on the given ``items``.</doc>
<status status="PASS" start="2026-02-05T22:46:08.161056" elapsed="0.001397"/>
</kw>
<kw name="Create Dictionary" owner="BuiltIn">
<msg time="2026-02-05T22:46:08.163626" level="INFO">&amp;{headers} = { Authorization=Bearer Cle-API-ReqRes-test-academy }</msg>
<var>&amp;{headers}</var>
<arg>Authorization=Bearer ${API_KEY}</arg>
<doc>Creates and returns a dictionary based on the given ``items``.</doc>
<status status="PASS" start="2026-02-05T22:46:08.162759" elapsed="0.000934"/>
</kw>
<kw name="GET" owner="RequestsLibrary">
<msg time="2026-02-05T22:46:09.580395" level="INFO">GET Request : url=https://mock-api-h0g7.onrender.com/api/users?page=1&amp;per_page=6 
 path_url=/api/users?page=1&amp;per_page=6 
 headers={'User-Agent': 'python-requests/2.32.5', 'Accept-Encoding': 'gzip, deflate, zstd', 'Accept': '*/*', 'Connection': 'keep-alive', 'Authorization': 'Bearer Cle-API-ReqRes-test-academy'} 
 body=None 
 </msg>
<msg time="2026-02-05T22:46:09.581052" level="INFO">GET Response : url=https://mock-api-h0g7.onrender.com/api/users?page=1&amp;per_page=6 
 status=200, reason=OK 
 headers={'Date': 'Thu, 05 Feb 2026 21:46:08 GMT', 'Content-Type': 'application/json', 'Transfer-Encoding': 'chunked', 'Connection': 'keep-alive', 'Content-Encoding': 'gzip', 'rndr-id': '3126b215-6c74-4a34', 'vary': 'Accept-Encoding', 'x-render-origin-server': 'uvicorn', 'cf-cache-status': 'DYNAMIC', 'Server': 'cloudflare', 'CF-RAY': '9c95994b0e902a17-CDG', 'alt-svc': 'h3=":443"; ma=86400'} 
 body={"page":1,"per_page":6,"total":12,"total_pages":2,"data":[{"id":1,"email":"george.bluth@api.testacademy.fr","first_name":"George","last_name":"Bluth","avatar":"https://api.testacademy.fr/img/faces/1-image.jpg"},{"id":2,"email":"janet.zion@api.testacademy.fr","first_name":"Janet","last_name":"Zion-Weaver","avatar":"https://api.testacademy.fr/img/faces/2-image.jpg"},{"id":3,"email":"emma.wong@api.testacademy.fr","first_name":"Emma","last_name":"Wong","avatar":"https://api.testacademy.fr/img/faces/3-image.jpg"},{"id":4,"email":"eve.holt@api.testacademy.fr","first_name":"Eve","last_name":"Holt","avatar":"https://api.testacademy.fr/img/faces/4-image.jpg"},{"id":6,"email":"tracey.ramos@api.testacademy.fr","first_name":"Tracey","last_name":"Ramos","avatar":"https://api.testacademy.fr/img/faces/6-image.jpg"},{"id":7,"email":"michael.lawson@api.testacademy.fr","first_name":"Michael","last_name":"Lawson","avatar":"https://api.testacademy.fr/img/faces/7-image.jpg"}],"support":{"url":"https://api.testacademy.fr/#support-heading","text":"To keep TestAcademy free, contributions towards server costs are appreciated!"}} 
 </msg>
<msg time="2026-02-05T22:46:09.586878" level="INFO">${Reponse} = &lt;Response [200]&gt;</msg>
<var>${Reponse}</var>
<arg>${Base_URL}api/users</arg>
<arg>params=${Params}</arg>
<arg>headers=${headers}</arg>
<arg>expected_status=200</arg>
<doc>Sends a GET request.</doc>
<status status="PASS" start="2026-02-05T22:46:08.163923" elapsed="1.423133"/>
</kw>
<kw name="Set Variable" owner="BuiltIn">
<msg time="2026-02-05T22:46:09.591831" level="INFO">${ReponseJson} = {'page': 1, 'per_page': 6, 'total': 12, 'total_pages': 2, 'data': [{'id': 1, 'email': 'george.bluth@api.testacademy.fr', 'first_name': 'George', 'last_name': 'Bluth', 'avatar': 'https://api.testacadem...</msg>
<var>${ReponseJson}</var>
<arg>${Reponse.json()}</arg>
<doc>Returns the given values which can then be assigned to a variables.</doc>
<status status="PASS" start="2026-02-05T22:46:09.587737" elapsed="0.004321"/>
</kw>
<kw name="Log" owner="BuiltIn">
<msg time="2026-02-05T22:46:09.594117" level="INFO">{'page': 1, 'per_page': 6, 'total': 12, 'total_pages': 2, 'data': [{'id': 1, 'email': 'george.bluth@api.testacademy.fr', 'first_name': 'George', 'last_name': 'Bluth', 'avatar': 'https://api.testacademy.fr/img/faces/1-image.jpg'}, {'id': 2, 'email': 'janet.zion@api.testacademy.fr', 'first_name': 'Janet', 'last_name': 'Zion-Weaver', 'avatar': 'https://api.testacademy.fr/img/faces/2-image.jpg'}, {'id': 3, 'email': 'emma.wong@api.testacademy.fr', 'first_name': 'Emma', 'last_name': 'Wong', 'avatar': 'https://api.testacademy.fr/img/faces/3-image.jpg'}, {'id': 4, 'email': 'eve.holt@api.testacademy.fr', 'first_name': 'Eve', 'last_name': 'Holt', 'avatar': 'https://api.testacademy.fr/img/faces/4-image.jpg'}, {'id': 6, 'email': 'tracey.ramos@api.testacademy.fr', 'first_name': 'Tracey', 'last_name': 'Ramos', 'avatar': 'https://api.testacademy.fr/img/faces/6-image.jpg'}, {'id': 7, 'email': 'michael.lawson@api.testacademy.fr', 'first_name': 'Michael', 'last_name': 'Lawson', 'avatar': 'https://api.testacademy.fr/img/faces/7-image.jpg'}], 'support': {'url': 'https://api.testacademy.fr/#support-heading', 'text': 'To keep TestAcademy free, contributions towards server costs are appreciated!'}}</msg>
<arg>${ReponseJson}</arg>
<doc>Logs the given message with the given level.</doc>
<status status="PASS" start="2026-02-05T22:46:09.592703" elapsed="0.001704"/>
</kw>
<kw name="Get Value From Json" owner="JSONLibrary">
<msg time="2026-02-05T22:46:09.703505" level="INFO">${ListeUtilisateurs} = [{'id': 1, 'email': 'george.bluth@api.testacademy.fr', 'first_name': 'George', 'last_name': 'Bluth', 'avatar': 'https://api.testacademy.fr/img/faces/1-image.jpg'}, {'id': 2, 'email': 'janet.zion@api.t...</msg>
<var>${ListeUtilisateurs}</var>
<arg>${ReponseJson}</arg>
<arg>data[:]</arg>
<doc>Get Value From JSON using JSONPath</doc>
<status status="PASS" start="2026-02-05T22:46:09.594891" elapsed="0.108782"/>
</kw>
<kw name="Get From List" owner="Collections">
<msg time="2026-02-05T22:46:09.705334" level="INFO">${PremierUtilisateur} = {'id': 1, 'email': 'george.bluth@api.testacademy.fr', 'first_name': 'George', 'last_name': 'Bluth', 'avatar': 'https://api.testacademy.fr/img/faces/1-image.jpg'}</msg>
<var>${PremierUtilisateur}</var>
<arg>${ListeUtilisateurs}</arg>
<arg>0</arg>
<doc>Returns the value specified with an ``index`` from ``list``.</doc>
<status status="PASS" start="2026-02-05T22:46:09.704277" elapsed="0.001261"/>
</kw>
<kw name="Should Be Equal" owner="BuiltIn">
<arg>${PremierUtilisateur['first_name']}</arg>
<arg>George</arg>
<doc>Fails if the given objects are unequal.</doc>
<status status="PASS" start="2026-02-05T22:46:09.706111" elapsed="0.002135"/>
</kw>
<status status="PASS" start="2026-02-05T22:46:08.159922" elapsed="1.548702"/>
</test>
<status status="PASS" start="2026-02-05T22:46:07.860669" elapsed="1.848711"/>
</suite>
<suite id="s1-s3" name="02 Requete POST TestAcademy" source="C:\Users\ghab7\Desktop\ROBOT_API\02_Requete_POST_TestAcademy.robot">
<test id="s1-s3-t1" name="Test Requete POST" line="13">
<kw name="Create Dictionary" owner="BuiltIn">
<msg time="2026-02-05T22:46:09.716794" level="INFO">&amp;{headers} = { Authorization=Bearer Cle-API-ReqRes-test-academy }</msg>
<var>&amp;{headers}</var>
<arg>Authorization=Bearer ${API_KEY}</arg>
<doc>Creates and returns a dictionary based on the given ``items``.</doc>
<status status="PASS" start="2026-02-05T22:46:09.715855" elapsed="0.001073"/>
</kw>
<kw name="Create Dictionary" owner="BuiltIn">
<msg time="2026-02-05T22:46:09.718146" level="INFO">&amp;{Corps_Requete} = { first_name=Anass | last_name=Rami | email=anass.rami@api.testacademy.fr }</msg>
<var>&amp;{Corps_Requete}</var>
<arg>first_name=${FirstName_Attendu}</arg>
<arg>last_name=${LastName_Attendu}</arg>
<arg>email=${Email_Attendu}</arg>
<doc>Creates and returns a dictionary based on the given ``items``.</doc>
<status status="PASS" start="2026-02-05T22:46:09.717178" elapsed="0.001030"/>
</kw>
<kw name="POST" owner="RequestsLibrary">
<msg time="2026-02-05T22:46:11.301079" level="INFO">POST Request : url=https://mock-api-h0g7.onrender.com/api/users 
 path_url=/api/users 
 headers={'User-Agent': 'python-requests/2.32.5', 'Accept-Encoding': 'gzip, deflate, zstd', 'Accept': '*/*', 'Connection': 'keep-alive', 'Authorization': 'Bearer Cle-API-ReqRes-test-academy', 'Content-Length': '86', 'Content-Type': 'application/json'} 
 body=b'{"first_name": "Anass", "last_name": "Rami", "email": "anass.rami@api.testacademy.fr"}' 
 </msg>
<msg time="2026-02-05T22:46:11.301542" level="INFO">POST Response : url=https://mock-api-h0g7.onrender.com/api/users 
 status=201, reason=Created 
 headers={'Date': 'Thu, 05 Feb 2026 21:46:10 GMT', 'Content-Type': 'application/json', 'Transfer-Encoding': 'chunked', 'Connection': 'keep-alive', 'CF-RAY': '9c9599543b899e9f-CDG', 'rndr-id': '03907322-575c-4aab', 'vary': 'Accept-Encoding', 'x-render-origin-server': 'uvicorn', 'cf-cache-status': 'DYNAMIC', 'Server': 'cloudflare', 'alt-svc': 'h3=":443"; ma=86400'} 
 body={"first_name":"Anass","last_name":"Rami","email":"anass.rami@api.testacademy.fr","avatar":"https://api.testacademy.fr/img/faces/14-image.jpg","id":"14","createdAt":"2026-02-05T21:46:10.417623"} 
 </msg>
<msg time="2026-02-05T22:46:11.302209" level="INFO">${Reponse} = &lt;Response [201]&gt;</msg>
<var>${Reponse}</var>
<arg>${Base_URL}api/users</arg>
<arg>json=${Corps_Requete}</arg>
<arg>headers=${headers}</arg>
<arg>expected_status=201</arg>
<doc>Sends a POST request.</doc>
<status status="PASS" start="2026-02-05T22:46:09.718433" elapsed="1.583924"/>
</kw>
<kw name="Log" owner="BuiltIn">
<msg time="2026-02-05T22:46:11.306427" level="INFO">{'first_name': 'Anass', 'last_name': 'Rami', 'email': 'anass.rami@api.testacademy.fr', 'avatar': 'https://api.testacademy.fr/img/faces/14-image.jpg', 'id': '14', 'createdAt': '2026-02-05T21:46:10.417623'}</msg>
<arg>${Reponse.json()}</arg>
<doc>Logs the given message with the given level.</doc>
<status status="PASS" start="2026-02-05T22:46:11.303087" elapsed="0.003617"/>
</kw>
<kw name="Dictionary Should Contain Key" owner="Collections">
<arg>${Reponse.json()}</arg>
<arg>id</arg>
<doc>Fails if ``key`` is not found from ``dictionary``.</doc>
<status status="PASS" start="2026-02-05T22:46:11.307311" elapsed="0.002655"/>
</kw>
<kw name="Dictionary Should Contain Key" owner="Collections">
<arg>${Reponse.json()}</arg>
<arg>createdAt</arg>
<doc>Fails if ``key`` is not found from ``dictionary``.</doc>
<status status="PASS" start="2026-02-05T22:46:11.310515" elapsed="0.002352"/>
</kw>
<kw name="Get From Dictionary" owner="Collections">
<msg time="2026-02-05T22:46:11.315837" level="INFO">${first_name} = Anass</msg>
<var>${first_name}</var>
<arg>${Reponse.json()}</arg>
<arg>first_name</arg>
<doc>Returns a value from the given ``dictionary`` based on the given ``key``.</doc>
<status status="PASS" start="2026-02-05T22:46:11.313433" elapsed="0.002545"/>
</kw>
<kw name="Should Be Equal As Strings" owner="BuiltIn">
<arg>${FirstName_Attendu}</arg>
<arg>${first_name}</arg>
<doc>Fails if objects are unequal after converting them to strings.</doc>
<status status="PASS" start="2026-02-05T22:46:11.316465" elapsed="0.001590"/>
</kw>
<kw name="Get From Dictionary" owner="Collections">
<msg time="2026-02-05T22:46:11.320955" level="INFO">${last_name} = Rami</msg>
<var>${last_name}</var>
<arg>${Reponse.json()}</arg>
<arg>last_name</arg>
<doc>Returns a value from the given ``dictionary`` based on the given ``key``.</doc>
<status status="PASS" start="2026-02-05T22:46:11.318545" elapsed="0.002573"/>
</kw>
<kw name="Should Be Equal As Strings" owner="BuiltIn">
<arg>${LastName_Attendu}</arg>
<arg>${last_name}</arg>
<doc>Fails if objects are unequal after converting them to strings.</doc>
<status status="PASS" start="2026-02-05T22:46:11.321611" elapsed="0.001461"/>
</kw>
<kw name="Get From Dictionary" owner="Collections">
<msg time="2026-02-05T22:46:11.326232" level="INFO">${email} = anass.rami@api.testacademy.fr</msg>
<var>${email}</var>
<arg>${Reponse.json()}</arg>
<arg>email</arg>
<doc>Returns a value from the given ``dictionary`` based on the given ``key``.</doc>
<status status="PASS" start="2026-02-05T22:46:11.323642" elapsed="0.002731"/>
</kw>
<kw name="Should Be Equal As Strings" owner="BuiltIn">
<arg>${Email_Attendu}</arg>
<arg>${email}</arg>
<doc>Fails if objects are unequal after converting them to strings.</doc>
<status status="PASS" start="2026-02-05T22:46:11.326867" elapsed="0.001535"/>
</kw>
<status status="PASS" start="2026-02-05T22:46:09.715143" elapsed="1.613795"/>
</test>
<status status="PASS" start="2026-02-05T22:46:09.710411" elapsed="1.619826"/>
</suite>
<suite id="s1-s4" name="03 Requete DELETE TestAcademy" source="C:\Users\ghab7\Desktop\ROBOT_API\03_Requete_DELETE_TestAcademy.robot">
<test id="s1-s4-t1" name="Test Requete DELETE" line="10">
<kw name="Create Dictionary" owner="BuiltIn">
<msg time="2026-02-05T22:46:11.337717" level="INFO">&amp;{headers} = { Authorization=Bearer Cle-API-ReqRes-test-academy }</msg>
<var>&amp;{headers}</var>
<arg>Authorization=Bearer ${API_KEY}</arg>
<doc>Creates and returns a dictionary based on the given ``items``.</doc>
<status status="PASS" start="2026-02-05T22:46:11.336656" elapsed="0.001145"/>
</kw>
<kw name="DELETE" owner="RequestsLibrary">
<msg time="2026-02-05T22:46:12.750171" level="INFO">DELETE Request : url=https://mock-api-h0g7.onrender.com/api/users/5 
 path_url=/api/users/5 
 headers={'User-Agent': 'python-requests/2.32.5', 'Accept-Encoding': 'gzip, deflate, zstd', 'Accept': '*/*', 'Connection': 'keep-alive', 'Authorization': 'Bearer Cle-API-ReqRes-test-academy', 'Content-Length': '0'} 
 body=None 
 </msg>
<msg time="2026-02-05T22:46:12.750684" level="INFO">DELETE Response : url=https://mock-api-h0g7.onrender.com/api/users/5 
 status=404, reason=Not Found 
 headers={'Date': 'Thu, 05 Feb 2026 21:46:12 GMT', 'Content-Type': 'application/json', 'Transfer-Encoding': 'chunked', 'Connection': 'keep-alive', 'Content-Encoding': 'gzip', 'rndr-id': '7e0df35a-5263-4693', 'vary': 'Accept-Encoding', 'x-render-origin-server': 'uvicorn', 'cf-cache-status': 'DYNAMIC', 'Server': 'cloudflare', 'CF-RAY': '9c95995dbae36ed3-CDG', 'alt-svc': 'h3=":443"; ma=86400'} 
 body={"detail":"User not found"} 
 </msg>
<arg>${Base_URL}api/users/${Id_Utilisateur}</arg>
<arg>headers=${headers}</arg>
<arg>expected_status=any</arg>
<doc>Sends a DELETE request.</doc>
<status status="PASS" start="2026-02-05T22:46:11.338059" elapsed="1.413006"/>
</kw>
<status status="PASS" start="2026-02-05T22:46:11.335848" elapsed="1.415928"/>
</test>
<status status="PASS" start="2026-02-05T22:46:11.331363" elapsed="1.421885"/>
</suite>
<suite id="s1-s5" name="04 Requete PUT Testacademy" source="C:\Users\ghab7\Desktop\ROBOT_API\04_Requete_PUT_Testacademy.robot">
<test id="s1-s5-t1" name="Test Requete PUT" line="14">
<kw name="Create Dictionary" owner="BuiltIn">
<msg time="2026-02-05T22:46:12.772271" level="INFO">&amp;{headers} = { Authorization=Bearer Cle-API-ReqRes-test-academy }</msg>
<var>&amp;{headers}</var>
<arg>Authorization=Bearer ${API_KEY}</arg>
<doc>Creates and returns a dictionary based on the given ``items``.</doc>
<status status="PASS" start="2026-02-05T22:46:12.771014" elapsed="0.001365"/>
</kw>
<kw name="Create Dictionary" owner="BuiltIn">
<msg time="2026-02-05T22:46:12.774304" level="INFO">&amp;{Corps_Requete} = { first_name=Janet | last_name=Zion-Weaver | email=janet.zion@api.testacademy.fr }</msg>
<var>&amp;{Corps_Requete}</var>
<arg>first_name=${FirstName_Attendu}</arg>
<arg>last_name=${LastName_Attendu}</arg>
<arg>email=${Email_Attendu}</arg>
<doc>Creates and returns a dictionary based on the given ``items``.</doc>
<status status="PASS" start="2026-02-05T22:46:12.772786" elapsed="0.001617"/>
</kw>
<kw name="PUT" owner="RequestsLibrary">
<msg time="2026-02-05T22:46:14.249627" level="INFO">PUT Request : url=https://mock-api-h0g7.onrender.com/api/users/2 
 path_url=/api/users/2 
 headers={'User-Agent': 'python-requests/2.32.5', 'Accept-Encoding': 'gzip, deflate, zstd', 'Accept': '*/*', 'Connection': 'keep-alive', 'Authorization': 'Bearer Cle-API-ReqRes-test-academy', 'Content-Length': '93', 'Content-Type': 'application/json'} 
 body=b'{"first_name": "Janet", "last_name": "Zion-Weaver", "email": "janet.zion@api.testacademy.fr"}' 
 </msg>
<msg time="2026-02-05T22:46:14.250037" level="INFO">PUT Response : url=https://mock-api-h0g7.onrender.com/api/users/2 
 status=200, reason=OK 
 headers={'Date': 'Thu, 05 Feb 2026 21:46:13 GMT', 'Content-Type': 'application/json', 'Transfer-Encoding': 'chunked', 'Connection': 'keep-alive', 'Content-Encoding': 'gzip', 'rndr-id': '080f2f15-d587-4ed1', 'vary': 'Accept-Encoding', 'x-render-origin-server': 'uvicorn', 'cf-cache-status': 'DYNAMIC', 'Server': 'cloudflare', 'CF-RAY': '9c959966ddbf5fcb-CDG', 'alt-svc': 'h3=":443"; ma=86400'} 
 body={"first_name":"Janet","last_name":"Zion-Weaver","email":"janet.zion@api.testacademy.fr","avatar":"https://api.testacademy.fr/img/faces/2-image.jpg","updatedAt":"2026-02-05T21:46:13.407065"} 
 </msg>
<msg time="2026-02-05T22:46:14.257045" level="INFO">${Reponse} = &lt;Response [200]&gt;</msg>
<var>${Reponse}</var>
<arg>${Base_URL}api/users/${Id_Utilisateur}</arg>
<arg>json=${Corps_Requete}</arg>
<arg>headers=${headers}</arg>
<arg>expected_status=200</arg>
<doc>Sends a PUT request.</doc>
<status status="PASS" start="2026-02-05T22:46:12.774768" elapsed="1.482829"/>
</kw>
<kw name="Log" owner="BuiltIn">
<msg time="2026-02-05T22:46:14.263027" level="INFO">{'first_name': 'Janet', 'last_name': 'Zion-Weaver', 'email': 'janet.zion@api.testacademy.fr', 'avatar': 'https://api.testacademy.fr/img/faces/2-image.jpg', 'updatedAt': '2026-02-05T21:46:13.407065'}</msg>
<arg>${Reponse.json()}</arg>
<doc>Logs the given message with the given level.</doc>
<status status="PASS" start="2026-02-05T22:46:14.259515" elapsed="0.003809"/>
</kw>
<kw name="Dictionary Should Contain Key" owner="Collections">
<arg>${Reponse.json()}</arg>
<arg>updatedAt</arg>
<doc>Fails if ``key`` is not found from ``dictionary``.</doc>
<status status="PASS" start="2026-02-05T22:46:14.263896" elapsed="0.002484"/>
</kw>
<kw name="Get From Dictionary" owner="Collections">
<msg time="2026-02-05T22:46:14.268328" level="INFO">${first_name} = Janet</msg>
<var>${first_name}</var>
<arg>${Reponse.json()}</arg>
<arg>first_name</arg>
<doc>Returns a value from the given ``dictionary`` based on the given ``key``.</doc>
<status status="PASS" start="2026-02-05T22:46:14.266773" elapsed="0.001640"/>
</kw>
<kw name="Should Be Equal As Strings" owner="BuiltIn">
<arg>${FirstName_Attendu}</arg>
<arg>${first_name}</arg>
<doc>Fails if objects are unequal after converting them to strings.</doc>
<status status="PASS" start="2026-02-05T22:46:14.268724" elapsed="0.000918"/>
</kw>
<kw name="Get From Dictionary" owner="Collections">
<msg time="2026-02-05T22:46:14.271484" level="INFO">${last_name} = Zion-Weaver</msg>
<var>${last_name}</var>
<arg>${Reponse.json()}</arg>
<arg>last_name</arg>
<doc>Returns a value from the given ``dictionary`` based on the given ``key``.</doc>
<status status="PASS" start="2026-02-05T22:46:14.269951" elapsed="0.001618"/>
</kw>
<kw name="Should Be Equal As Strings" owner="BuiltIn">
<arg>${LastName_Attendu}</arg>
<arg>${last_name}</arg>
<doc>Fails if objects are unequal after converting them to strings.</doc>
<status status="PASS" start="2026-02-05T22:46:14.271962" elapsed="0.001020"/>
</kw>
<kw name="Get From Dictionary" owner="Collections">
<msg time="2026-02-05T22:46:14.275206" level="INFO">${email} = janet.zion@api.testacademy.fr</msg>
<var>${email}</var>
<arg>${Reponse.json()}</arg>
<arg>email</arg>
<doc>Returns a value from the given ``dictionary`` based on the given ``key``.</doc>
<status status="PASS" start="2026-02-05T22:46:14.273414" elapsed="0.001937"/>
</kw>
<kw name="Should Be Equal As Strings" owner="BuiltIn">
<arg>${Email_Attendu}</arg>
<arg>${email}</arg>
<doc>Fails if objects are unequal after converting them to strings.</doc>
<status status="PASS" start="2026-02-05T22:46:14.275729" elapsed="0.001039"/>
</kw>
<status status="PASS" start="2026-02-05T22:46:12.769645" elapsed="1.507467"/>
</test>
<status status="PASS" start="2026-02-05T22:46:12.756707" elapsed="1.521225"/>
</suite>
<suite id="s1-s6" name="05 Requete GET Single User" source="C:\Users\ghab7\Desktop\ROBOT_API\05_Requete_GET_Single_User.robot">
<test id="s1-s6-t1" name="Test Requete GET Single User" line="11">
<kw name="Create Dictionary" owner="BuiltIn">
<msg time="2026-02-05T22:46:14.290112" level="INFO">&amp;{headers} = { Authorization=Bearer Cle-API-ReqRes-test-academy }</msg>
<var>&amp;{headers}</var>
<arg>Authorization=Bearer ${API_KEY}</arg>
<doc>Creates and returns a dictionary based on the given ``items``.</doc>
<status status="PASS" start="2026-02-05T22:46:14.288615" elapsed="0.001618"/>
</kw>
<kw name="GET" owner="RequestsLibrary">
<msg time="2026-02-05T22:46:15.478075" level="INFO">GET Request : url=https://mock-api-h0g7.onrender.com/api/users/2 
 path_url=/api/users/2 
 headers={'User-Agent': 'python-requests/2.32.5', 'Accept-Encoding': 'gzip, deflate, zstd', 'Accept': '*/*', 'Connection': 'keep-alive', 'Authorization': 'Bearer Cle-API-ReqRes-test-academy'} 
 body=None 
 </msg>
<msg time="2026-02-05T22:46:15.478482" level="INFO">GET Response : url=https://mock-api-h0g7.onrender.com/api/users/2 
 status=200, reason=OK 
 headers={'Date': 'Thu, 05 Feb 2026 21:46:14 GMT', 'Content-Type': 'application/json', 'Transfer-Encoding': 'chunked', 'Connection': 'keep-alive', 'Content-Encoding': 'gzip', 'rndr-id': '775c4b4b-953c-46e9', 'vary': 'Accept-Encoding', 'x-render-origin-server': 'uvicorn', 'cf-cache-status': 'DYNAMIC', 'Server': 'cloudflare', 'CF-RAY': '9c9599709cc99816-CDG', 'alt-svc': 'h3=":443"; ma=86400'} 
 body={"data":{"id":2,"email":"janet.zion@api.testacademy.fr","first_name":"Janet","last_name":"Zion-Weaver","avatar":"https://api.testacademy.fr/img/faces/2-image.jpg"},"support":{"url":"https://api.testacademy.fr/#support-heading","text":"To keep TestAcademy free, contributions towards server costs are appreciated!"}} 
 </msg>
<msg time="2026-02-05T22:46:15.479101" level="INFO">${Reponse} = &lt;Response [200]&gt;</msg>
<var>${Reponse}</var>
<arg>${Base_URL}api/users/${User_Id}</arg>
<arg>headers=${headers}</arg>
<arg>expected_status=200</arg>
<doc>Sends a GET request.</doc>
<status status="PASS" start="2026-02-05T22:46:14.290641" elapsed="1.188619"/>
</kw>
<kw name="Log" owner="BuiltIn">
<msg time="2026-02-05T22:46:15.482908" level="INFO">{'data': {'id': 2, 'email': 'janet.zion@api.testacademy.fr', 'first_name': 'Janet', 'last_name': 'Zion-Weaver', 'avatar': 'https://api.testacademy.fr/img/faces/2-image.jpg'}, 'support': {'url': 'https://api.testacademy.fr/#support-heading', 'text': 'To keep TestAcademy free, contributions towards server costs are appreciated!'}}</msg>
<arg>${Reponse.json()}</arg>
<doc>Logs the given message with the given level.</doc>
<status status="PASS" start="2026-02-05T22:46:15.479891" elapsed="0.003297"/>
</kw>
<kw name="Get From Dictionary" owner="Collections">
<msg time="2026-02-05T22:46:15.486010" level="INFO">${data} = {'id': 2, 'email': 'janet.zion@api.testacademy.fr', 'first_name': 'Janet', 'last_name': 'Zion-Weaver', 'avatar': 'https://api.testacademy.fr/img/faces/2-image.jpg'}</msg>
<var>${data}</var>
<arg>${Reponse.json()}</arg>
<arg>data</arg>
<doc>Returns a value from the given ``dictionary`` based on the given ``key``.</doc>
<status status="PASS" start="2026-02-05T22:46:15.483702" elapsed="0.002451"/>
</kw>
<kw name="Get From Dictionary" owner="Collections">
<msg time="2026-02-05T22:46:15.487781" level="INFO">${id} = 2</msg>
<var>${id}</var>
<arg>${data}</arg>
<arg>id</arg>
<doc>Returns a value from the given ``dictionary`` based on the given ``key``.</doc>
<status status="PASS" start="2026-02-05T22:46:15.486760" elapsed="0.001158"/>
</kw>
<kw name="Should Be Equal As Integers" owner="BuiltIn">
<msg time="2026-02-05T22:46:15.490313" level="INFO">Argument types are:
&lt;class 'int'&gt;
&lt;class 'str'&gt;</msg>
<arg>${id}</arg>
<arg>${User_Id}</arg>
<doc>Fails if objects are unequal after converting them to integers.</doc>
<status status="PASS" start="2026-02-05T22:46:15.488602" elapsed="0.002168"/>
</kw>
<kw name="Dictionary Should Contain Key" owner="Collections">
<arg>${data}</arg>
<arg>email</arg>
<doc>Fails if ``key`` is not found from ``dictionary``.</doc>
<status status="PASS" start="2026-02-05T22:46:15.491376" elapsed="0.000781"/>
</kw>
<kw name="Dictionary Should Contain Key" owner="Collections">
<arg>${data}</arg>
<arg>first_name</arg>
<doc>Fails if ``key`` is not found from ``dictionary``.</doc>
<status status="PASS" start="2026-02-05T22:46:15.492668" elapsed="0.000740"/>
</kw>
<kw name="Dictionary Should Contain Key" owner="Collections">
<arg>${data}</arg>
<arg>last_name</arg>
<doc>Fails if ``key`` is not found from ``dictionary``.</doc>
<status status="PASS" start="2026-02-05T22:46:15.493884" elapsed="0.000671"/>
</kw>
<kw name="Dictionary Should Contain Key" owner="Collections">
<arg>${data}</arg>
<arg>avatar</arg>
<doc>Fails if ``key`` is not found from ``dictionary``.</doc>
<status status="PASS" start="2026-02-05T22:46:15.495042" elapsed="0.000663"/>
</kw>
<status status="PASS" start="2026-02-05T22:46:14.287508" elapsed="1.208943"/>
</test>
<status status="PASS" start="2026-02-05T22:46:14.279102" elapsed="1.218668"/>
</suite>
<suite id="s1-s7" name="06 Requete GET List Resources" source="C:\Users\ghab7\Desktop\ROBOT_API\06_Requete_GET_List_Resources.robot">
<test id="s1-s7-t1" name="Test Requete GET List Resources" line="10">
<kw name="Create Dictionary" owner="BuiltIn">
<msg time="2026-02-05T22:46:15.515328" level="INFO">&amp;{headers} = { Authorization=Bearer Cle-API-ReqRes-test-academy }</msg>
<var>&amp;{headers}</var>
<arg>Authorization=Bearer ${API_KEY}</arg>
<doc>Creates and returns a dictionary based on the given ``items``.</doc>
<status status="PASS" start="2026-02-05T22:46:15.513299" elapsed="0.002199"/>
</kw>
<kw name="GET" owner="RequestsLibrary">
<msg time="2026-02-05T22:46:17.032916" level="INFO">GET Request : url=https://mock-api-h0g7.onrender.com/api/unknown 
 path_url=/api/unknown 
 headers={'User-Agent': 'python-requests/2.32.5', 'Accept-Encoding': 'gzip, deflate, zstd', 'Accept': '*/*', 'Connection': 'keep-alive', 'Authorization': 'Bearer Cle-API-ReqRes-test-academy'} 
 body=None 
 </msg>
<msg time="2026-02-05T22:46:17.033323" level="INFO">GET Response : url=https://mock-api-h0g7.onrender.com/api/unknown 
 status=200, reason=OK 
 headers={'Date': 'Thu, 05 Feb 2026 21:46:16 GMT', 'Content-Type': 'application/json', 'Transfer-Encoding': 'chunked', 'Connection': 'keep-alive', 'Content-Encoding': 'gzip', 'rndr-id': '875c236b-6d6c-4826', 'vary': 'Accept-Encoding', 'x-render-origin-server': 'uvicorn', 'cf-cache-status': 'DYNAMIC', 'Server': 'cloudflare', 'CF-RAY': '9c9599782f15041a-CDG', 'alt-svc': 'h3=":443"; ma=86400'} 
 body={"page":1,"per_page":6,"total":6,"total_pages":1,"data":[{"id":1,"name":"cerulean","year":2000,"color":"#98B2D1","pantone_value":"15-4020"},{"id":2,"name":"fuchsia rose","year":2001,"color":"#C74375","pantone_value":"17-2031"},{"id":3,"name":"true red","year":2002,"color":"#BF1932","pantone_value":"19-1664"},{"id":4,"name":"aqua sky","year":2003,"color":"#7BC4C4","pantone_value":"14-4811"},{"id":5,"name":"tigerlily","year":2004,"color":"#E2583E","pantone_value":"17-1456"},{"id":6,"name":"blue turquoise","year":2005,"color":"#53B0AE","pantone_value":"15-5217"}],"support":{"url":"https://api.testacademy.fr/#support-heading","text":"To keep TestAcademy free, contributions towards server costs are appreciated!"}} 
 </msg>
<msg time="2026-02-05T22:46:17.033939" level="INFO">${Reponse} = &lt;Response [200]&gt;</msg>
<var>${Reponse}</var>
<arg>${Base_URL}api/unknown</arg>
<arg>headers=${headers}</arg>
<arg>expected_status=200</arg>
<doc>Sends a GET request.</doc>
<status status="PASS" start="2026-02-05T22:46:15.516071" elapsed="1.518020"/>
</kw>
<kw name="Log" owner="BuiltIn">
<msg time="2026-02-05T22:46:17.037783" level="INFO">{'page': 1, 'per_page': 6, 'total': 6, 'total_pages': 1, 'data': [{'id': 1, 'name': 'cerulean', 'year': 2000, 'color': '#98B2D1', 'pantone_value': '15-4020'}, {'id': 2, 'name': 'fuchsia rose', 'year': 2001, 'color': '#C74375', 'pantone_value': '17-2031'}, {'id': 3, 'name': 'true red', 'year': 2002, 'color': '#BF1932', 'pantone_value': '19-1664'}, {'id': 4, 'name': 'aqua sky', 'year': 2003, 'color': '#7BC4C4', 'pantone_value': '14-4811'}, {'id': 5, 'name': 'tigerlily', 'year': 2004, 'color': '#E2583E', 'pantone_value': '17-1456'}, {'id': 6, 'name': 'blue turquoise', 'year': 2005, 'color': '#53B0AE', 'pantone_value': '15-5217'}], 'support': {'url': 'https://api.testacademy.fr/#support-heading', 'text': 'To keep TestAcademy free, contributions towards server costs are appreciated!'}}</msg>
<arg>${Reponse.json()}</arg>
<doc>Logs the given message with the given level.</doc>
<status status="PASS" start="2026-02-05T22:46:17.034740" elapsed="0.003344"/>
</kw>
<kw name="Dictionary Should Contain Key" owner="Collections">
<arg>${Reponse.json()}</arg>
<arg>page</arg>
<doc>Fails if ``key`` is not found from ``dictionary``.</doc>
<status status="PASS" start="2026-02-05T22:46:17.038659" elapsed="0.002833"/>
</kw>
<kw name="Dictionary Should Contain Key" owner="Collections">
<arg>${Reponse.json()}</arg>
<arg>per_page</arg>
<doc>Fails if ``key`` is not found from ``dictionary``.</doc>
<status status="PASS" start="2026-02-05T22:46:17.042142" elapsed="0.002330"/>
</kw>
<kw name="Dictionary Should Contain Key" owner="Collections">
<arg>${Reponse.json()}</arg>
<arg>total</arg>
<doc>Fails if ``key`` is not found from ``dictionary``.</doc>
<status status="PASS" start="2026-02-05T22:46:17.044983" elapsed="0.002153"/>
</kw>
<kw name="Dictionary Should Contain Key" owner="Collections">
<arg>${Reponse.json()}</arg>
<arg>data</arg>
<doc>Fails if ``key`` is not found from ``dictionary``.</doc>
<status status="PASS" start="2026-02-05T22:46:17.047624" elapsed="0.002337"/>
</kw>
<kw name="Get From Dictionary" owner="Collections">
<msg time="2026-02-05T22:46:17.053102" level="INFO">${data_list} = [{'id': 1, 'name': 'cerulean', 'year': 2000, 'color': '#98B2D1', 'pantone_value': '15-4020'}, {'id': 2, 'name': 'fuchsia rose', 'year': 2001, 'color': '#C74375', 'pantone_value': '17-2031'}, {'id': 3,...</msg>
<var>${data_list}</var>
<arg>${Reponse.json()}</arg>
<arg>data</arg>
<doc>Returns a value from the given ``dictionary`` based on the given ``key``.</doc>
<status status="PASS" start="2026-02-05T22:46:17.050558" elapsed="0.002716"/>
</kw>
<kw name="Should Not Be Empty" owner="BuiltIn">
<msg time="2026-02-05T22:46:17.055911" level="INFO">Length is 6.</msg>
<arg>${data_list}</arg>
<doc>Verifies that the given item is not empty.</doc>
<status status="PASS" start="2026-02-05T22:46:17.053806" elapsed="0.002400"/>
</kw>
<status status="PASS" start="2026-02-05T22:46:15.511620" elapsed="1.545508"/>
</test>
<status status="PASS" start="2026-02-05T22:46:15.499890" elapsed="1.558861"/>
</suite>
<suite id="s1-s8" name="07 Requete GET Single Resource" source="C:\Users\ghab7\Desktop\ROBOT_API\07_Requete_GET_Single_Resource.robot">
<test id="s1-s8-t1" name="Test Requete GET Single Resource" line="12">
<kw name="Create Dictionary" owner="BuiltIn">
<msg time="2026-02-05T22:46:17.075923" level="INFO">&amp;{headers} = { Authorization=Bearer Cle-API-ReqRes-test-academy }</msg>
<var>&amp;{headers}</var>
<arg>Authorization=Bearer ${API_KEY}</arg>
<doc>Creates and returns a dictionary based on the given ``items``.</doc>
<status status="PASS" start="2026-02-05T22:46:17.072973" elapsed="0.003256"/>
</kw>
<kw name="GET" owner="RequestsLibrary">
<msg time="2026-02-05T22:46:18.918918" level="INFO">GET Request : url=https://mock-api-h0g7.onrender.com/api/unknown/2 
 path_url=/api/unknown/2 
 headers={'User-Agent': 'python-requests/2.32.5', 'Accept-Encoding': 'gzip, deflate, zstd', 'Accept': '*/*', 'Connection': 'keep-alive', 'Authorization': 'Bearer Cle-API-ReqRes-test-academy'} 
 body=None 
 </msg>
<msg time="2026-02-05T22:46:18.919340" level="INFO">GET Response : url=https://mock-api-h0g7.onrender.com/api/unknown/2 
 status=200, reason=OK 
 headers={'Date': 'Thu, 05 Feb 2026 21:46:17 GMT', 'Content-Type': 'application/json', 'Transfer-Encoding': 'chunked', 'Connection': 'keep-alive', 'Content-Encoding': 'gzip', 'rndr-id': '92c37233-ccfe-438e', 'vary': 'Accept-Encoding', 'x-render-origin-server': 'uvicorn', 'cf-cache-status': 'DYNAMIC', 'Server': 'cloudflare', 'CF-RAY': '9c9599823aa906b2-CDG', 'alt-svc': 'h3=":443"; ma=86400'} 
 body={"data":{"id":2,"name":"fuchsia rose","year":2001,"color":"#C74375","pantone_value":"17-2031"},"support":{"url":"https://api.testacademy.fr/#support-heading","text":"To keep TestAcademy free, contributions towards server costs are appreciated!"}} 
 </msg>
<msg time="2026-02-05T22:46:18.919990" level="INFO">${Reponse} = &lt;Response [200]&gt;</msg>
<var>${Reponse}</var>
<arg>${Base_URL}api/unknown/${Resource_Id}</arg>
<arg>headers=${headers}</arg>
<arg>expected_status=200</arg>
<doc>Sends a GET request.</doc>
<status status="PASS" start="2026-02-05T22:46:17.076843" elapsed="1.843293"/>
</kw>
<kw name="Log" owner="BuiltIn">
<msg time="2026-02-05T22:46:18.924305" level="INFO">{'data': {'id': 2, 'name': 'fuchsia rose', 'year': 2001, 'color': '#C74375', 'pantone_value': '17-2031'}, 'support': {'url': 'https://api.testacademy.fr/#support-heading', 'text': 'To keep TestAcademy free, contributions towards server costs are appreciated!'}}</msg>
<arg>${Reponse.json()}</arg>
<doc>Logs the given message with the given level.</doc>
<status status="PASS" start="2026-02-05T22:46:18.920748" elapsed="0.003870"/>
</kw>
<kw name="Get From Dictionary" owner="Collections">
<msg time="2026-02-05T22:46:18.927839" level="INFO">${data} = {'id': 2, 'name': 'fuchsia rose', 'year': 2001, 'color': '#C74375', 'pantone_value': '17-2031'}</msg>
<var>${data}</var>
<arg>${Reponse.json()}</arg>
<arg>data</arg>
<doc>Returns a value from the given ``dictionary`` based on the given ``key``.</doc>
<status status="PASS" start="2026-02-05T22:46:18.925228" elapsed="0.002786"/>
</kw>
<kw name="Get From Dictionary" owner="Collections">
<msg time="2026-02-05T22:46:18.929377" level="INFO">${id} = 2</msg>
<var>${id}</var>
<arg>${data}</arg>
<arg>id</arg>
<doc>Returns a value from the given ``dictionary`` based on the given ``key``.</doc>
<status status="PASS" start="2026-02-05T22:46:18.928535" elapsed="0.000983"/>
</kw>
<kw name="Should Be Equal As Integers" owner="BuiltIn">
<msg time="2026-02-05T22:46:18.946385" level="INFO">Argument types are:
&lt;class 'int'&gt;
&lt;class 'str'&gt;</msg>
<arg>${id}</arg>
<arg>${Resource_Id}</arg>
<doc>Fails if objects are unequal after converting them to integers.</doc>
<status status="PASS" start="2026-02-05T22:46:18.944617" elapsed="0.002111"/>
</kw>
<kw name="Get From Dictionary" owner="Collections">
<msg time="2026-02-05T22:46:18.948119" level="INFO">${name} = fuchsia rose</msg>
<var>${name}</var>
<arg>${data}</arg>
<arg>name</arg>
<doc>Returns a value from the given ``dictionary`` based on the given ``key``.</doc>
<status status="PASS" start="2026-02-05T22:46:18.947262" elapsed="0.000993"/>
</kw>
<kw name="Should Be Equal As Strings" owner="BuiltIn">
<arg>${name}</arg>
<arg>${Name_Attendu}</arg>
<doc>Fails if objects are unequal after converting them to strings.</doc>
<status status="PASS" start="2026-02-05T22:46:18.948713" elapsed="0.001421"/>
</kw>
<kw name="Dictionary Should Contain Key" owner="Collections">
<arg>${data}</arg>
<arg>year</arg>
<doc>Fails if ``key`` is not found from ``dictionary``.</doc>
<status status="PASS" start="2026-02-05T22:46:18.950589" elapsed="0.000652"/>
</kw>
<kw name="Dictionary Should Contain Key" owner="Collections">
<arg>${data}</arg>
<arg>color</arg>
<doc>Fails if ``key`` is not found from ``dictionary``.</doc>
<status status="PASS" start="2026-02-05T22:46:18.951720" elapsed="0.000637"/>
</kw>
<kw name="Dictionary Should Contain Key" owner="Collections">
<arg>${data}</arg>
<arg>pantone_value</arg>
<doc>Fails if ``key`` is not found from ``dictionary``.</doc>
<status status="PASS" start="2026-02-05T22:46:18.952787" elapsed="0.000672"/>
</kw>
<status status="PASS" start="2026-02-05T22:46:17.071115" elapsed="1.882862"/>
</test>
<status status="PASS" start="2026-02-05T22:46:17.061120" elapsed="1.894476"/>
</suite>
<status status="PASS" start="2026-02-05T22:46:06.316034" elapsed="12.642876"/>
</suite>
<statistics>
<total>
<stat pass="8" fail="0" skip="0">All Tests</stat>
</total>
<tag>
</tag>
<suite>
<stat name="ROBOT API" id="s1" pass="8" fail="0" skip="0">ROBOT API</stat>
<stat name="00 Requête GET HTML Google" id="s1-s1" pass="1" fail="0" skip="0">ROBOT API.00 Requête GET HTML Google</stat>
<stat name="01 Requete GET TestAcademy" id="s1-s2" pass="1" fail="0" skip="0">ROBOT API.01 Requete GET TestAcademy</stat>
<stat name="02 Requete POST TestAcademy" id="s1-s3" pass="1" fail="0" skip="0">ROBOT API.02 Requete POST TestAcademy</stat>
<stat name="03 Requete DELETE TestAcademy" id="s1-s4" pass="1" fail="0" skip="0">ROBOT API.03 Requete DELETE TestAcademy</stat>
<stat name="04 Requete PUT Testacademy" id="s1-s5" pass="1" fail="0" skip="0">ROBOT API.04 Requete PUT Testacademy</stat>
<stat name="05 Requete GET Single User" id="s1-s6" pass="1" fail="0" skip="0">ROBOT API.05 Requete GET Single User</stat>
<stat name="06 Requete GET List Resources" id="s1-s7" pass="1" fail="0" skip="0">ROBOT API.06 Requete GET List Resources</stat>
<stat name="07 Requete GET Single Resource" id="s1-s8" pass="1" fail="0" skip="0">ROBOT API.07 Requete GET Single Resource</stat>
</suite>
</statistics>
<errors>
</errors>
</robot>
